<?xml version="1.0" encoding="UTF-8"?>
<!-- Generated by org.testng.reporters.JUnitReportReporter -->
<testsuite skipped="0" hostname="Allogogate-PC" name="demo.DataDrivenAPIExample2" tests="5" failures="0" timestamp="15 Apr 2021 21:12:54 GMT" time="4.521" errors="1">
  <testcase name="dataDrivenPost" time="0.251" classname="demo.DataDrivenAPIExample2"/>
  <testcase name="dataDrivenPost" time="0.232" classname="demo.DataDrivenAPIExample2"/>
  <testcase name="dataDrivenPost" time="0.245" classname="demo.DataDrivenAPIExample2"/>
  <testcase name="dataDrivenPost" time="3.793" classname="demo.DataDrivenAPIExample2"/>
  <testcase name="test_delete2" time="0.000" classname="demo.DataDrivenAPIExample2">
    <error type="org.testng.TestNGException" message="
Parameter &#039;userid&#039; is required by @Test on method test_delete2 but has not been marked @Optional or defined
in C:\Users\Allogogate\AppData\Local\Temp\testng-eclipse--732148612\testng-customsuite.xml">
      <![CDATA[org.testng.TestNGException: 
Parameter 'userid' is required by @Test on method test_delete2 but has not been marked @Optional or defined
in C:\Users\Allogogate\AppData\Local\Temp\testng-eclipse--732148612\testng-customsuite.xml
	at org.testng.internal.Parameters.createParameters(Parameters.java:199)
	at org.testng.internal.Parameters.createParameters(Parameters.java:443)
	at org.testng.internal.Parameters.handleParameters(Parameters.java:569)
	at org.testng.internal.Invoker.handleParameters(Invoker.java:1308)
	at org.testng.internal.Invoker.createParameters(Invoker.java:1036)
	at org.testng.internal.Invoker.invokeTestMethods(Invoker.java:1126)
	at org.testng.internal.TestMethodWorker.invokeTestMethods(TestMethodWorker.java:126)
	at org.testng.internal.TestMethodWorker.run(TestMethodWorker.java:109)
	at org.testng.TestRunner.privateRun(TestRunner.java:744)
	at org.testng.TestRunner.run(TestRunner.java:602)
	at org.testng.SuiteRunner.runTest(SuiteRunner.java:380)
	at org.testng.SuiteRunner.runSequentially(SuiteRunner.java:375)
	at org.testng.SuiteRunner.privateRun(SuiteRunner.java:340)
	at org.testng.SuiteRunner.run(SuiteRunner.java:289)
	at org.testng.SuiteRunnerWorker.runSuite(SuiteRunnerWorker.java:52)
	at org.testng.SuiteRunnerWorker.run(SuiteRunnerWorker.java:86)
	at org.testng.TestNG.runSuitesSequentially(TestNG.java:1301)
	at org.testng.TestNG.runSuitesLocally(TestNG.java:1226)
	at org.testng.TestNG.runSuites(TestNG.java:1144)
	at org.testng.TestNG.run(TestNG.java:1115)
	at org.testng.remote.AbstractRemoteTestNG.run(AbstractRemoteTestNG.java:132)
	at org.testng.remote.RemoteTestNG.initAndRun(RemoteTestNG.java:230)
	at org.testng.remote.RemoteTestNG.main(RemoteTestNG.java:76)
]]>
    </error>
  </testcase> <!-- test_delete2 -->
</testsuite> <!-- demo.DataDrivenAPIExample2 -->
